<?xml version="1.0" encoding="UTF-8"?>
<testsuite xmlns:xsi="http://www.w3.org/2001/XMLSchema-instance" xsi:noNamespaceSchemaLocation="https://maven.apache.org/surefire/maven-surefire-plugin/xsd/surefire-test-report.xsd" version="3.0.2" name="com.facens.app_biblioteca_api.AppBibliotecaApiApplicationTests" time="5.459" tests="1" errors="0" skipped="0" failures="0" flakes="0">
  <properties>
[...]
</properties>
  <testcase name="contextLoads" classname="com.facens.app_biblioteca_api.AppBibliotecaApiApplicationTests" time="0.465">
    <system-out><![CDATA[20:52:45.366 [main] INFO org.springframework.test.context.support.AnnotationConfigContextLoaderUtils -- Could not detect default configuration classes for test class [com.facens.app_biblioteca_api.AppBibliotecaApiApplicationTests]: AppBibliotecaApiApplicationTests does not declare any static, non-private, non-final, nested classes annotated with @Configuration.
20:52:45.506 [main] INFO org.springframework.boot.test.context.SpringBootTestContextBootstrapper -- Found @SpringBootConfiguration com.facens.app_biblioteca_api.AppBibliotecaApiApplication for test class com.facens.app_biblioteca_api.AppBibliotecaApiApplicationTests
20:52:45.732 [main] INFO org.springframework.boot.devtools.restart.RestartApplicationListener -- Restart disabled due to context in which it is running

  .   ____          _            __ _ _
 /\\ / ___'_ __ _ _(_)_ __  __ _ \ \ \ \
( ( )\___ | '_ | '_| | '_ \/ _` | \ \ \ \
 \\/  ___)| |_)| | | | | || (_| |  ) ) ) )
  '  |____| .__|_| |_|_| |_\__, | / / / /
 =========|_|==============|___/=/_/_/_/

 :: Spring Boot ::               (v3.5.12)

2026-03-19T20:52:46.158-03:00  INFO 16540 --- [app_biblioteca_api] [           main] c.f.a.AppBibliotecaApiApplicationTests   : Starting AppBibliotecaApiApplicationTests using Java 23.0.2 with PID 16540 (started by aluno in C:\Users\aluno\Downloads\biblioteca1\app_biblioteca_api)
2026-03-19T20:52:46.160-03:00  INFO 16540 --- [app_biblioteca_api] [           main] c.f.a.AppBibliotecaApiApplicationTests   : No active profile set, falling back to 1 default profile: "default"
2026-03-19T20:52:47.072-03:00  INFO 16540 --- [app_biblioteca_api] [           main] .s.d.r.c.RepositoryConfigurationDelegate : Bootstrapping Spring Data JPA repositories in DEFAULT mode.
2026-03-19T20:52:47.142-03:00  INFO 16540 --- [app_biblioteca_api] [           main] .s.d.r.c.RepositoryConfigurationDelegate : Finished Spring Data repository scanning in 49 ms. Found 1 JPA repository interface.
2026-03-19T20:52:47.658-03:00  INFO 16540 --- [app_biblioteca_api] [           main] o.hibernate.jpa.internal.util.LogHelper  : HHH000204: Processing PersistenceUnitInfo [name: default]
2026-03-19T20:52:47.733-03:00  INFO 16540 --- [app_biblioteca_api] [           main] org.hibernate.Version                    : HHH000412: Hibernate ORM core version 6.6.44.Final
2026-03-19T20:52:47.769-03:00  INFO 16540 --- [app_biblioteca_api] [           main] o.h.c.internal.RegionFactoryInitiator    : HHH000026: Second-level cache disabled
2026-03-19T20:52:48.158-03:00  INFO 16540 --- [app_biblioteca_api] [           main] o.s.o.j.p.SpringPersistenceUnitInfo      : No LoadTimeWeaver setup: ignoring JPA class transformer
2026-03-19T20:52:48.217-03:00  INFO 16540 --- [app_biblioteca_api] [           main] com.zaxxer.hikari.HikariDataSource       : HikariPool-1 - Starting...
2026-03-19T20:52:48.418-03:00  INFO 16540 --- [app_biblioteca_api] [           main] com.zaxxer.hikari.pool.HikariPool        : HikariPool-1 - Added connection conn0: url=jdbc:h2:mem:biblioteca user=SA
2026-03-19T20:52:48.418-03:00  INFO 16540 --- [app_biblioteca_api] [           main] com.zaxxer.hikari.HikariDataSource       : HikariPool-1 - Start completed.
2026-03-19T20:52:48.457-03:00  WARN 16540 --- [app_biblioteca_api] [           main] org.hibernate.orm.deprecation            : HHH90000025: H2Dialect does not need to be specified explicitly using 'hibernate.dialect' (remove the property setting and it will be selected by default)
2026-03-19T20:52:48.488-03:00  INFO 16540 --- [app_biblioteca_api] [           main] org.hibernate.orm.connections.pooling    : HHH10001005: Database info:
	Database JDBC URL [Connecting through datasource 'HikariDataSource (HikariPool-1)']
	Database driver: undefined/unknown
	Database version: 2.3.232
	Autocommit mode: undefined/unknown
	Isolation level: undefined/unknown
	Minimum pool size: undefined/unknown
	Maximum pool size: undefined/unknown
2026-03-19T20:52:49.309-03:00  INFO 16540 --- [app_biblioteca_api] [           main] o.h.e.t.j.p.i.JtaPlatformInitiator       : HHH000489: No JTA platform available (set 'hibernate.transaction.jta.platform' to enable JTA platform integration)
Hibernate: drop table if exists livro cascade 
Hibernate: create table livro (ano_publicacao integer, id bigint generated by default as identity, autor varchar(255), titulo varchar(255), primary key (id))
2026-03-19T20:52:49.345-03:00  INFO 16540 --- [app_biblioteca_api] [           main] j.LocalContainerEntityManagerFactoryBean : Initialized JPA EntityManagerFactory for persistence unit 'default'
2026-03-19T20:52:49.711-03:00  WARN 16540 --- [app_biblioteca_api] [           main] JpaBaseConfiguration$JpaWebConfiguration : spring.jpa.open-in-view is enabled by default. Therefore, database queries may be performed during view rendering. Explicitly configure spring.jpa.open-in-view to disable this warning
2026-03-19T20:52:50.068-03:00  INFO 16540 --- [app_biblioteca_api] [           main] o.s.b.a.h2.H2ConsoleAutoConfiguration    : H2 console available at '/h2-console'. Database available at 'jdbc:h2:mem:biblioteca'
2026-03-19T20:52:50.166-03:00  INFO 16540 --- [app_biblioteca_api] [           main] c.f.a.AppBibliotecaApiApplicationTests   : Started AppBibliotecaApiApplicationTests in 4.455 seconds (process running for 5.543)
]]></system-out>
    <system-err><![CDATA[Mockito is currently self-attaching to enable the inline-mock-maker. This will no longer work in future releases of the JDK. Please add Mockito as an agent to your build as described in Mockito's documentation: https://javadoc.io/doc/org.mockito/mockito-core/latest/org.mockito/org/mockito/Mockito.html#0.3
WARNING: A Java agent has been loaded dynamically (C:\Users\aluno\.m2\repository\net\bytebuddy\byte-buddy-agent\1.17.8\byte-buddy-agent-1.17.8.jar)
WARNING: If a serviceability tool is in use, please run with -XX:+EnableDynamicAgentLoading to hide this warning
WARNING: If a serviceability tool is not in use, please run with -Djdk.instrument.traceUsage for more information
WARNING: Dynamic loading of agents will be disallowed by default in a future release
]]></system-err>
  </testcase>
</testsuite>